Vivado Simulator 2018.3
Time resolution is 1 ps
$finish called at time : 10 us : File "C:/Users/ASUS/Desktop/FPGA/spdif/spdif.srcs/sim_1/new/Timebase_tb.v" Line 69
Stopped at time : 45005 ns : File "C:/Users/ASUS/Desktop/FPGA/spdif/spdif.srcs/sim_1/new/Timebase_tb.v" Line 72
Stopped at time : 45005 ns : File "C:/Users/ASUS/Desktop/FPGA/spdif/spdif.srcs/sim_1/new/Timebase_tb.v" Line 72
Stopped at time : 45005 ns : File "C:/Users/ASUS/Desktop/FPGA/spdif/spdif.srcs/sources_1/imports/Spdif_out_VHDL/Timebase.vhd" Line 38
Stopped at time : 45005 ns : File "C:/Users/ASUS/Desktop/FPGA/spdif/spdif.srcs/sources_1/imports/Spdif_out_VHDL/Timebase.vhd" Line 39
Stopped at time : 45005 ns : File "C:/Users/ASUS/Desktop/FPGA/spdif/spdif.srcs/sources_1/imports/Spdif_out_VHDL/Timebase.vhd" Line 40
Stopped at time : 45005 ns : File "C:/Users/ASUS/Desktop/FPGA/spdif/spdif.srcs/sources_1/imports/Spdif_out_VHDL/Timebase.vhd" Line 41
Stopped at time : 45005 ns : File "C:/Users/ASUS/Desktop/FPGA/spdif/spdif.srcs/sources_1/imports/Spdif_out_VHDL/Timebase.vhd" Line 42
Stopped at time : 45005 ns : File "C:/Users/ASUS/Desktop/FPGA/spdif/spdif.srcs/sources_1/imports/Spdif_out_VHDL/Timebase.vhd" Line 46
Stopped at time : 45005 ns : File "C:/Users/ASUS/Desktop/FPGA/spdif/spdif.srcs/sources_1/imports/Spdif_out_VHDL/Timebase.vhd" Line 67
Stopped at time : 45005 ns : File "C:/Users/ASUS/Desktop/FPGA/spdif/spdif.srcs/sources_1/imports/Spdif_out_VHDL/Timebase.vhd" Line 68
Stopped at time : 45005 ns : File "C:/Users/ASUS/Desktop/FPGA/spdif/spdif.srcs/sources_1/imports/Spdif_out_VHDL/soundSource.vhd" Line 27
Stopped at time : 45005 ns : File "C:/Users/ASUS/Desktop/FPGA/spdif/spdif.srcs/sources_1/imports/Spdif_out_VHDL/soundSource.vhd" Line 28
Stopped at time : 45005 ns : File "C:/Users/ASUS/Desktop/FPGA/spdif/spdif.srcs/sources_1/new/sample_rate_gen.v" Line 51
Stopped at time : 45005 ns : File "C:/Users/ASUS/Desktop/FPGA/spdif/spdif.srcs/sources_1/new/sample_rate_gen.v" Line 55
Stopped at time : 45005 ns : File "C:/Users/ASUS/Desktop/FPGA/spdif/spdif.srcs/sources_1/new/sample_rate_gen.v" Line 57
Stopped at time : 45005 ns : File "C:/Users/ASUS/Desktop/FPGA/spdif/spdif.srcs/sources_1/new/sample_rate_gen.v" Line 62
Stopped at time : 45005 ns : File "C:/Users/ASUS/Desktop/FPGA/spdif/spdif.srcs/sources_1/new/sample_rate_gen.v" Line 63
Stopped at time : 45005 ns : File "C:/Users/ASUS/Desktop/FPGA/spdif/spdif.srcs/sources_1/new/sample_rate_gen.v" Line 49
Stopped at time : 45005 ns : File "C:/Users/ASUS/Desktop/FPGA/spdif/spdif.srcs/sources_1/imports/Spdif_out_VHDL/Timebase.vhd" Line 38
Stopped at time : 45005 ns : File "C:/Users/ASUS/Desktop/FPGA/spdif/spdif.srcs/sources_1/imports/Spdif_out_VHDL/Timebase.vhd" Line 39
Stopped at time : 45005 ns : File "C:/Users/ASUS/Desktop/FPGA/spdif/spdif.srcs/sources_1/imports/Spdif_out_VHDL/Timebase.vhd" Line 40
Stopped at time : 45005 ns : File "C:/Users/ASUS/Desktop/FPGA/spdif/spdif.srcs/sources_1/imports/Spdif_out_VHDL/Timebase.vhd" Line 41
Stopped at time : 45005 ns : File "C:/Users/ASUS/Desktop/FPGA/spdif/spdif.srcs/sources_1/imports/Spdif_out_VHDL/Timebase.vhd" Line 42
Stopped at time : 45005 ns : File "C:/Users/ASUS/Desktop/FPGA/spdif/spdif.srcs/sources_1/imports/Spdif_out_VHDL/Timebase.vhd" Line 48
Stopped at time : 45005 ns : File "C:/Users/ASUS/Desktop/FPGA/spdif/spdif.srcs/sources_1/imports/Spdif_out_VHDL/Timebase.vhd" Line 34
Stopped at time : 45005 ns : File "C:/Users/ASUS/Desktop/FPGA/spdif/spdif.srcs/sources_1/imports/Spdif_out_VHDL/Timebase.vhd" Line 67
Stopped at time : 45005 ns : File "C:/Users/ASUS/Desktop/FPGA/spdif/spdif.srcs/sources_1/new/SPDIF_TX.vhd" Line 60
Stopped at time : 45005 ns : File "C:/Users/ASUS/Desktop/FPGA/spdif/spdif.srcs/sources_1/new/SPDIF_TX.vhd" Line 67
Stopped at time : 45005 ns : File "C:/Users/ASUS/Desktop/FPGA/spdif/spdif.srcs/sources_1/new/SPDIF_TX.vhd" Line 84
Stopped at time : 45005 ns : File "C:/Users/ASUS/Desktop/FPGA/spdif/spdif.srcs/sources_1/new/SPDIF_TX.vhd" Line 128
Stopped at time : 45010 ns : File "C:/Users/ASUS/Desktop/FPGA/spdif/spdif.srcs/sim_1/new/Timebase_tb.v" Line 72
Stopped at time : 45010 ns : File "C:/Users/ASUS/Desktop/FPGA/spdif/spdif.srcs/sim_1/new/Timebase_tb.v" Line 72
Stopped at time : 45010 ns : File "C:/Users/ASUS/Desktop/FPGA/spdif/spdif.srcs/sources_1/imports/Spdif_out_VHDL/Timebase.vhd" Line 38
Stopped at time : 45010 ns : File "C:/Users/ASUS/Desktop/FPGA/spdif/spdif.srcs/sources_1/imports/Spdif_out_VHDL/Timebase.vhd" Line 39
